1501285895208	geckodriver	INFO	geckodriver 0.18.0
1501285895213	geckodriver	INFO	Listening on 127.0.0.1:50939
1501285896261	geckodriver::marionette	INFO	Starting browser /Applications/Firefox.app/Contents/MacOS/firefox-bin with args ["-marionette"]
1501285897846	Marionette	INFO	Listening on port 50952
1501285897939	Marionette	WARN	TLS certificate errors will be ignored for this session
1501285898085	Marionette	DEBUG	loaded listener.js
2017-07-28 16:51:38.161 plugin-container[58434:8499911] *** CFMessagePort: bootstrap_register(): failed 1100 (0x44c) 'Permission denied', port = 0x913b, name = 'com.apple.tsm.portname'
See /usr/include/servers/bootstrap_defs.h for the error codes.
2017-07-28 16:51:38.161 plugin-container[58434:8499911] *** CFMessagePort: bootstrap_register(): failed 1100 (0x44c) 'Permission denied', port = 0x9403, name = 'com.apple.CFPasteboardClient'
See /usr/include/servers/bootstrap_defs.h for the error codes.
*************************
A coding exception was thrown and uncaught in a Task.

Full message: TypeError: NetworkError when attempting to fetch resource.
Full stack: 
*************************
1501351698901	geckodriver	INFO	geckodriver 0.18.0
1501351698907	geckodriver	INFO	Listening on 127.0.0.1:55007
1501351699968	geckodriver::marionette	INFO	Starting browser /Applications/Firefox.app/Contents/MacOS/firefox-bin with args ["-marionette"]
1501351701726	Marionette	INFO	Listening on port 55024
1501351701830	Marionette	WARN	TLS certificate errors will be ignored for this session
1501351701973	Marionette	DEBUG	loaded listener.js
2017-07-29 11:08:22.046 plugin-container[69293:8668015] *** CFMessagePort: bootstrap_register(): failed 1100 (0x44c) 'Permission denied', port = 0x913b, name = 'com.apple.tsm.portname'
See /usr/include/servers/bootstrap_defs.h for the error codes.
2017-07-29 11:08:22.046 plugin-container[69293:8668015] *** CFMessagePort: bootstrap_register(): failed 1100 (0x44c) 'Permission denied', port = 0x9403, name = 'com.apple.CFPasteboardClient'
See /usr/include/servers/bootstrap_defs.h for the error codes.
1501351704099	Marionette	DEBUG	Received DOM event "beforeunload" for "about:blank"
1501351705340	Marionette	DEBUG	Received DOM event "pagehide" for "about:blank"
1501351705341	Marionette	DEBUG	Received DOM event "unload" for "about:blank"
1501351706091	Marionette	DEBUG	Received DOM event "DOMContentLoaded" for "https://forthwanderers.bandcamp.com/album/tough-love/"
1501351706333	Marionette	DEBUG	Received DOM event "pageshow" for "https://forthwanderers.bandcamp.com/album/tough-love/"
1501351706424	Marionette	DEBUG	Received DOM event "DOMContentLoaded" for "https://staticxx.facebook.com/connect/xd_arbiter/r/XBwzv5Yrm_1.js?version=42#channel=f314a7504a98228&origin=https%3A%2F%2Fforthwanderers.bandcamp.com"
1501351706426	Marionette	DEBUG	Received DOM event "pageshow" for "https://staticxx.facebook.com/connect/xd_arbiter/r/XBwzv5Yrm_1.js?version=42#channel=f314a7504a98228&origin=https%3A%2F%2Fforthwanderers.bandcamp.com"
1501351706599	Marionette	DEBUG	Received DOM event "pageshow" for "https://forthwanderers.bandcamp.com/album/tough-love/"
1501351934194	Marionette	DEBUG	Canceled page load listener because no navigation has been detected
*************************
A coding exception was thrown and uncaught in a Task.

Full message: TypeError: NetworkError when attempting to fetch resource.
Full stack: 
*************************
1501353261901	Marionette	DEBUG	Received DOM event "beforeunload" for "https://forthwanderers.bandcamp.com/album/tough-love/"
1501353262970	Marionette	DEBUG	Received DOM event "pagehide" for "https://forthwanderers.bandcamp.com/album/tough-love/"
1501353262976	Marionette	DEBUG	Received DOM event "unload" for "https://forthwanderers.bandcamp.com/album/tough-love/"
1501353263455	Marionette	DEBUG	Received observer notification "outer-window-destroyed" for "2147483653"
1501353264097	Marionette	DEBUG	Received DOM event "DOMContentLoaded" for "https://lvlup.bandcamp.com/album/return-to-love"
1501353264294	Marionette	DEBUG	Received DOM event "DOMContentLoaded" for "https://bandcamp.com/videoframe?video_id=27619,22113&band_id=2447909961&from=a"
JavaScript warning: https://bandcamp.23video.com/9891472.ihtml/player.js, line 3: unreachable code after return statement
JavaScript warning: https://bandcamp.23video.com/9891472.ihtml/player.js, line 3: unreachable code after return statement
1501353264440	Marionette	DEBUG	Received DOM event "DOMContentLoaded" for "https://bandcamp.23video.com/9891472.ihtml/player.html?token=09a0556a1e9020e9cd2bb38efbdb8010&source=embed&photo_id=16462750"
1501353265114	Marionette	DEBUG	Received DOM event "pageshow" for "https://bandcamp.23video.com/9891472.ihtml/player.html?token=09a0556a1e9020e9cd2bb38efbdb8010&source=embed&photo_id=16462750"
1501353265115	Marionette	DEBUG	Received DOM event "pageshow" for "https://bandcamp.com/videoframe?video_id=27619,22113&band_id=2447909961&from=a"
1501353265118	Marionette	DEBUG	Received DOM event "pageshow" for "https://lvlup.bandcamp.com/album/return-to-love"
1501353274260	Marionette	DEBUG	Canceled page load listener because no navigation has been detected
1501353274522	Marionette	DEBUG	Canceled page load listener because no navigation has been detected
1501353274772	Marionette	DEBUG	Canceled page load listener because no navigation has been detected
1501353275016	Marionette	DEBUG	Canceled page load listener because no navigation has been detected
1501353275261	Marionette	DEBUG	Canceled page load listener because no navigation has been detected
1501353275506	Marionette	DEBUG	Canceled page load listener because no navigation has been detected
1501353275747	Marionette	DEBUG	Canceled page load listener because no navigation has been detected
1501353275988	Marionette	DEBUG	Canceled page load listener because no navigation has been detected
1501353276231	Marionette	DEBUG	Canceled page load listener because no navigation has been detected
1501353276478	Marionette	DEBUG	Canceled page load listener because no navigation has been detected
1501353276726	Marionette	DEBUG	Canceled page load listener because no navigation has been detected
1501353276967	Marionette	DEBUG	Canceled page load listener because no navigation has been detected
1501353277214	Marionette	DEBUG	Canceled page load listener because no navigation has been detected
1501353277452	Marionette	DEBUG	Canceled page load listener because no navigation has been detected
1501353277699	Marionette	DEBUG	Canceled page load listener because no navigation has been detected
1501353277940	Marionette	DEBUG	Canceled page load listener because no navigation has been detected
1501353278181	Marionette	DEBUG	Canceled page load listener because no navigation has been detected
1501353278424	Marionette	DEBUG	Canceled page load listener because no navigation has been detected
1501353278661	Marionette	DEBUG	Canceled page load listener because no navigation has been detected
1501353278899	Marionette	DEBUG	Canceled page load listener because no navigation has been detected
1501353279169	Marionette	DEBUG	Canceled page load listener because no navigation has been detected
1501353279440	Marionette	DEBUG	Canceled page load listener because no navigation has been detected
1501353279716	Marionette	DEBUG	Canceled page load listener because no navigation has been detected
1501353280013	Marionette	DEBUG	Canceled page load listener because no navigation has been detected
1501353280265	Marionette	DEBUG	Canceled page load listener because no navigation has been detected
1501353280562	Marionette	DEBUG	Canceled page load listener because no navigation has been detected
1501353280836	Marionette	DEBUG	Canceled page load listener because no navigation has been detected
1501353281102	Marionette	DEBUG	Canceled page load listener because no navigation has been detected
1501353281367	Marionette	DEBUG	Canceled page load listener because no navigation has been detected
1501353281631	Marionette	DEBUG	Canceled page load listener because no navigation has been detected
1501353281871	Marionette	DEBUG	Canceled page load listener because no navigation has been detected
1501353282138	Marionette	DEBUG	Canceled page load listener because no navigation has been detected
1501353282398	Marionette	DEBUG	Canceled page load listener because no navigation has been detected
1501353282660	Marionette	DEBUG	Canceled page load listener because no navigation has been detected
1501353282929	Marionette	DEBUG	Canceled page load listener because no navigation has been detected
1501353283186	Marionette	DEBUG	Canceled page load listener because no navigation has been detected
1501353283452	Marionette	DEBUG	Canceled page load listener because no navigation has been detected
1501353283708	Marionette	DEBUG	Canceled page load listener because no navigation has been detected
1501353283951	Marionette	DEBUG	Canceled page load listener because no navigation has been detected
1501353284214	Marionette	DEBUG	Canceled page load listener because no navigation has been detected
1501353284462	Marionette	DEBUG	Canceled page load listener because no navigation has been detected
1501353284716	Marionette	DEBUG	Canceled page load listener because no navigation has been detected
1501353284974	Marionette	DEBUG	Canceled page load listener because no navigation has been detected
1501353285239	Marionette	DEBUG	Canceled page load listener because no navigation has been detected
1501353285497	Marionette	DEBUG	Canceled page load listener because no navigation has been detected
1501353285770	Marionette	DEBUG	Canceled page load listener because no navigation has been detected
1501353286021	Marionette	DEBUG	Canceled page load listener because no navigation has been detected
1501353286446	Marionette	DEBUG	Canceled page load listener because no navigation has been detected
1501353286725	Marionette	DEBUG	Canceled page load listener because no navigation has been detected
1501353287004	Marionette	DEBUG	Canceled page load listener because no navigation has been detected
1501353287272	Marionette	DEBUG	Canceled page load listener because no navigation has been detected
1501353287539	Marionette	DEBUG	Canceled page load listener because no navigation has been detected
1501353287786	Marionette	DEBUG	Canceled page load listener because no navigation has been detected
1501353288034	Marionette	DEBUG	Canceled page load listener because no navigation has been detected
1501353288278	Marionette	DEBUG	Canceled page load listener because no navigation has been detected
1501353288548	Marionette	DEBUG	Canceled page load listener because no navigation has been detected
1501353288797	Marionette	DEBUG	Canceled page load listener because no navigation has been detected
1501353289059	Marionette	DEBUG	Canceled page load listener because no navigation has been detected
1501353289336	Marionette	DEBUG	Canceled page load listener because no navigation has been detected
1501353289611	Marionette	DEBUG	Canceled page load listener because no navigation has been detected
1501353289860	Marionette	DEBUG	Canceled page load listener because no navigation has been detected
1501353290112	Marionette	DEBUG	Canceled page load listener because no navigation has been detected
1501353290354	Marionette	DEBUG	Canceled page load listener because no navigation has been detected
1501353290610	Marionette	DEBUG	Canceled page load listener because no navigation has been detected
1501353290860	Marionette	DEBUG	Canceled page load listener because no navigation has been detected
1501353291104	Marionette	DEBUG	Canceled page load listener because no navigation has been detected
1501353291350	Marionette	DEBUG	Canceled page load listener because no navigation has been detected
1501353291598	Marionette	DEBUG	Canceled page load listener because no navigation has been detected
1501353291838	Marionette	DEBUG	Canceled page load listener because no navigation has been detected
1501353292084	Marionette	DEBUG	Canceled page load listener because no navigation has been detected
1501353292325	Marionette	DEBUG	Canceled page load listener because no navigation has been detected
1501353292561	Marionette	DEBUG	Canceled page load listener because no navigation has been detected
1501353292820	Marionette	DEBUG	Canceled page load listener because no navigation has been detected
1501353293094	Marionette	DEBUG	Canceled page load listener because no navigation has been detected
1501353293349	Marionette	DEBUG	Canceled page load listener because no navigation has been detected
1501353293597	Marionette	DEBUG	Canceled page load listener because no navigation has been detected
1501353293849	Marionette	DEBUG	Canceled page load listener because no navigation has been detected
[GFX1-]: Receive IPC close with reason=AbnormalShutdown
1501353480751	geckodriver	INFO	geckodriver 0.18.0
1501353480755	geckodriver	INFO	Listening on 127.0.0.1:63372
1501353481794	geckodriver::marionette	INFO	Starting browser /Applications/Firefox.app/Contents/MacOS/firefox-bin with args ["-marionette"]
1501353483496	Marionette	INFO	Listening on port 63385
1501353483575	Marionette	WARN	TLS certificate errors will be ignored for this session
1501353483753	Marionette	DEBUG	loaded listener.js
2017-07-29 11:38:03.826 plugin-container[70408:8694581] *** CFMessagePort: bootstrap_register(): failed 1100 (0x44c) 'Permission denied', port = 0x913b, name = 'com.apple.tsm.portname'
See /usr/include/servers/bootstrap_defs.h for the error codes.
2017-07-29 11:38:03.827 plugin-container[70408:8694581] *** CFMessagePort: bootstrap_register(): failed 1100 (0x44c) 'Permission denied', port = 0x9403, name = 'com.apple.CFPasteboardClient'
See /usr/include/servers/bootstrap_defs.h for the error codes.
1501353491596	Marionette	DEBUG	Received DOM event "beforeunload" for "about:blank"
1501353492028	Marionette	DEBUG	Received DOM event "pagehide" for "about:blank"
1501353492028	Marionette	DEBUG	Received DOM event "unload" for "about:blank"
1501353493536	Marionette	DEBUG	Received DOM event "DOMContentLoaded" for "https://lvlup.bandcamp.com/album/return-to-love"
1501353493876	Marionette	DEBUG	Received DOM event "DOMContentLoaded" for "https://bandcamp.com/videoframe?video_id=27619,22113&band_id=2447909961&from=a"
JavaScript warning: https://bandcamp.23video.com/9891472.ihtml/player.js, line 3: unreachable code after return statement
JavaScript warning: https://bandcamp.23video.com/9891472.ihtml/player.js, line 3: unreachable code after return statement
1501353494068	Marionette	DEBUG	Received DOM event "DOMContentLoaded" for "https://bandcamp.23video.com/9891472.ihtml/player.html?token=09a0556a1e9020e9cd2bb38efbdb8010&source=embed&photo_id=16462750"
1501353494691	Marionette	DEBUG	Received DOM event "pageshow" for "https://bandcamp.23video.com/9891472.ihtml/player.html?token=09a0556a1e9020e9cd2bb38efbdb8010&source=embed&photo_id=16462750"
1501353494695	Marionette	DEBUG	Received DOM event "pageshow" for "https://bandcamp.com/videoframe?video_id=27619,22113&band_id=2447909961&from=a"
1501353494697	Marionette	DEBUG	Received DOM event "pageshow" for "https://lvlup.bandcamp.com/album/return-to-love"
1501353498849	Marionette	DEBUG	Canceled page load listener because no navigation has been detected
JavaScript warning: https://bandcamp.23video.com/9891472.ihtml/player.js, line 3: unreachable code after return statement
JavaScript warning: https://bandcamp.23video.com/9891472.ihtml/player.js, line 3: unreachable code after return statement
*************************
A coding exception was thrown and uncaught in a Task.

Full message: TypeError: NetworkError when attempting to fetch resource.
Full stack: 
*************************
1501368554832	Marionette	DEBUG	Received DOM event "beforeunload" for "https://lvlup.bandcamp.com/album/return-to-love"
1501368555913	Marionette	DEBUG	Received DOM event "pagehide" for "https://lvlup.bandcamp.com/album/return-to-love"
1501368555917	Marionette	DEBUG	Received DOM event "unload" for "https://lvlup.bandcamp.com/album/return-to-love"
1501368556085	Marionette	DEBUG	Received observer notification "outer-window-destroyed" for "2147483661"
1501368556086	Marionette	DEBUG	Received observer notification "outer-window-destroyed" for "2147483659"
1501368556223	Marionette	DEBUG	Received DOM event "DOMContentLoaded" for "https://bandcamp.com/videoframe?video_id=27619,22113&band_id=2447909961&from=a"
JavaScript warning: https://bandcamp.23video.com/9891472.ihtml/player.js, line 3: unreachable code after return statement
JavaScript warning: https://bandcamp.23video.com/9891472.ihtml/player.js, line 3: unreachable code after return statement
1501368556324	Marionette	DEBUG	Received DOM event "DOMContentLoaded" for "https://bandcamp.23video.com/9891472.ihtml/player.html?token=09a0556a1e9020e9cd2bb38efbdb8010&source=embed&photo_id=16462750"
1501368556743	Marionette	DEBUG	Received DOM event "DOMContentLoaded" for "https://lvlup.bandcamp.com/album/return-to-love"
1501368557062	Marionette	DEBUG	Received DOM event "pageshow" for "https://bandcamp.23video.com/9891472.ihtml/player.html?token=09a0556a1e9020e9cd2bb38efbdb8010&source=embed&photo_id=16462750"
1501368557063	Marionette	DEBUG	Received DOM event "pageshow" for "https://bandcamp.com/videoframe?video_id=27619,22113&band_id=2447909961&from=a"
1501368557164	Marionette	DEBUG	Received DOM event "pageshow" for "https://lvlup.bandcamp.com/album/return-to-love"
1501368636784	Marionette	DEBUG	Received DOM event "beforeunload" for "https://lvlup.bandcamp.com/album/return-to-love"
1501368637209	Marionette	DEBUG	Received DOM event "pagehide" for "https://lvlup.bandcamp.com/album/return-to-love"
1501368637212	Marionette	DEBUG	Received DOM event "unload" for "https://lvlup.bandcamp.com/album/return-to-love"
1501368637554	Marionette	DEBUG	Received observer notification "outer-window-destroyed" for "2147483666"
1501368637635	Marionette	DEBUG	Received observer notification "outer-window-destroyed" for "2147483664"
1501368638303	Marionette	DEBUG	Received DOM event "DOMContentLoaded" for "https://lvlup.bandcamp.com/album/return-to-love"
1501368638551	Marionette	DEBUG	Received DOM event "DOMContentLoaded" for "https://bandcamp.com/videoframe?video_id=27619,22113&band_id=2447909961&from=a"
JavaScript warning: https://bandcamp.23video.com/9891472.ihtml/player.js, line 3: unreachable code after return statement
JavaScript warning: https://bandcamp.23video.com/9891472.ihtml/player.js, line 3: unreachable code after return statement
1501368638781	Marionette	DEBUG	Received DOM event "DOMContentLoaded" for "https://bandcamp.23video.com/9891472.ihtml/player.html?token=09a0556a1e9020e9cd2bb38efbdb8010&source=embed&photo_id=16462750"
1501368638941	Marionette	DEBUG	Received DOM event "pageshow" for "https://bandcamp.23video.com/9891472.ihtml/player.html?token=09a0556a1e9020e9cd2bb38efbdb8010&source=embed&photo_id=16462750"
1501368638943	Marionette	DEBUG	Received DOM event "pageshow" for "https://bandcamp.com/videoframe?video_id=27619,22113&band_id=2447909961&from=a"
1501368639097	Marionette	DEBUG	Received DOM event "pageshow" for "https://lvlup.bandcamp.com/album/return-to-love"
JavaScript warning: https://bandcamp.23video.com/9891472.ihtml/player.js, line 3: unreachable code after return statement
JavaScript warning: https://bandcamp.23video.com/9891472.ihtml/player.js, line 3: unreachable code after return statement
1501368887429	geckodriver	INFO	geckodriver 0.18.0
1501368887433	geckodriver	INFO	Listening on 127.0.0.1:62656
1501368888548	geckodriver::marionette	INFO	Starting browser /Applications/Firefox.app/Contents/MacOS/firefox-bin with args ["-marionette"]
1501368891087	Marionette	INFO	Listening on port 62669
1501368891197	Marionette	WARN	TLS certificate errors will be ignored for this session
1501368891375	Marionette	DEBUG	loaded listener.js
2017-07-29 15:54:51.486 plugin-container[74759:8770758] *** CFMessagePort: bootstrap_register(): failed 1100 (0x44c) 'Permission denied', port = 0x913b, name = 'com.apple.tsm.portname'
See /usr/include/servers/bootstrap_defs.h for the error codes.
2017-07-29 15:54:51.487 plugin-container[74759:8770758] *** CFMessagePort: bootstrap_register(): failed 1100 (0x44c) 'Permission denied', port = 0x9503, name = 'com.apple.CFPasteboardClient'
See /usr/include/servers/bootstrap_defs.h for the error codes.
1501368892426	Marionette	DEBUG	Received DOM event "beforeunload" for "about:blank"
1501368892918	Marionette	DEBUG	Received DOM event "pagehide" for "about:blank"
1501368892919	Marionette	DEBUG	Received DOM event "unload" for "about:blank"
1501368893466	Marionette	DEBUG	Received DOM event "DOMContentLoaded" for "https://bandcamp.com/videoframe?video_id=27619,22113&band_id=2447909961&from=a"
1501368894484	Marionette	DEBUG	Received DOM event "DOMContentLoaded" for "https://lvlup.bandcamp.com/album/return-to-love"
JavaScript warning: https://bandcamp.23video.com/9891472.ihtml/player.js, line 3: unreachable code after return statement
JavaScript warning: https://bandcamp.23video.com/9891472.ihtml/player.js, line 3: unreachable code after return statement
1501368895601	Marionette	DEBUG	Received DOM event "DOMContentLoaded" for "https://bandcamp.23video.com/9891472.ihtml/player.html?token=09a0556a1e9020e9cd2bb38efbdb8010&source=embed&photo_id=16462750"
1501368896343	Marionette	DEBUG	Received DOM event "pageshow" for "https://bandcamp.23video.com/9891472.ihtml/player.html?token=09a0556a1e9020e9cd2bb38efbdb8010&source=embed&photo_id=16462750"
1501368896344	Marionette	DEBUG	Received DOM event "pageshow" for "https://bandcamp.com/videoframe?video_id=27619,22113&band_id=2447909961&from=a"
1501368896346	Marionette	DEBUG	Received DOM event "pageshow" for "https://lvlup.bandcamp.com/album/return-to-love"
1501368897764	Marionette	INFO	Ceased listening
1501368968023	Marionette	DEBUG	Canceled page load listener because no navigation has been detected
1501369194188	Marionette	DEBUG	Received DOM event "beforeunload" for "https://lvlup.bandcamp.com/album/return-to-love"
1501369195322	Marionette	DEBUG	Received DOM event "pagehide" for "https://lvlup.bandcamp.com/album/return-to-love"
1501369195325	Marionette	DEBUG	Received DOM event "unload" for "https://lvlup.bandcamp.com/album/return-to-love"
1501369195481	Marionette	DEBUG	Received observer notification "outer-window-destroyed" for "2147483655"
1501369195482	Marionette	DEBUG	Received observer notification "outer-window-destroyed" for "2147483653"
JavaScript warning: https://bandcamp.23video.com/9891472.ihtml/player.js, line 3: unreachable code after return statement
1501369195657	Marionette	DEBUG	Received DOM event "DOMContentLoaded" for "https://bandcamp.com/videoframe?video_id=27619,22113&band_id=2447909961&from=a"
JavaScript warning: https://bandcamp.23video.com/9891472.ihtml/player.js, line 3: unreachable code after return statement
1501369196016	Marionette	DEBUG	Received DOM event "DOMContentLoaded" for "https://lvlup.bandcamp.com/album/return-to-love"
1501369196048	Marionette	DEBUG	Received DOM event "DOMContentLoaded" for "https://bandcamp.23video.com/9891472.ihtml/player.html?token=09a0556a1e9020e9cd2bb38efbdb8010&source=embed&photo_id=16462750"
1501369196226	Marionette	DEBUG	Received DOM event "pageshow" for "https://bandcamp.23video.com/9891472.ihtml/player.html?token=09a0556a1e9020e9cd2bb38efbdb8010&source=embed&photo_id=16462750"
1501369196229	Marionette	DEBUG	Received DOM event "pageshow" for "https://bandcamp.com/videoframe?video_id=27619,22113&band_id=2447909961&from=a"
1501369196501	Marionette	DEBUG	Received DOM event "pageshow" for "https://lvlup.bandcamp.com/album/return-to-love"
1501369208543	Marionette	DEBUG	Canceled page load listener because no navigation has been detected
*************************
A coding exception was thrown and uncaught in a Task.

Full message: TypeError: NetworkError when attempting to fetch resource.
Full stack: 
*************************
1501383044878	geckodriver	INFO	geckodriver 0.18.0
1501383044889	geckodriver	INFO	Listening on 127.0.0.1:64277
1501383045932	geckodriver::marionette	INFO	Starting browser /Applications/Firefox.app/Contents/MacOS/firefox-bin with args ["-marionette"]
1501383047596	Marionette	INFO	Listening on port 64290
1501383047651	Marionette	WARN	TLS certificate errors will be ignored for this session
1501383047844	Marionette	DEBUG	loaded listener.js
1501383047870	Marionette	DEBUG	Received DOM event "beforeunload" for "about:blank"
2017-07-29 19:50:47.908 plugin-container[83390:8922540] *** CFMessagePort: bootstrap_register(): failed 1100 (0x44c) 'Permission denied', port = 0x913b, name = 'com.apple.tsm.portname'
See /usr/include/servers/bootstrap_defs.h for the error codes.
2017-07-29 19:50:47.909 plugin-container[83390:8922540] *** CFMessagePort: bootstrap_register(): failed 1100 (0x44c) 'Permission denied', port = 0x9403, name = 'com.apple.CFPasteboardClient'
See /usr/include/servers/bootstrap_defs.h for the error codes.
1501383048381	Marionette	DEBUG	Received DOM event "pagehide" for "about:blank"
1501383048381	Marionette	DEBUG	Received DOM event "unload" for "about:blank"
1501383049956	Marionette	DEBUG	Received DOM event "DOMContentLoaded" for "https://lvlup.bandcamp.com/album/return-to-love"
1501383050386	Marionette	DEBUG	Received DOM event "DOMContentLoaded" for "https://bandcamp.com/videoframe?video_id=27619,22113&band_id=2447909961&from=a"
JavaScript warning: https://bandcamp.23video.com/9891472.ihtml/player.js, line 3: unreachable code after return statement
JavaScript warning: https://bandcamp.23video.com/9891472.ihtml/player.js, line 3: unreachable code after return statement
1501383050674	Marionette	DEBUG	Received DOM event "DOMContentLoaded" for "https://bandcamp.23video.com/9891472.ihtml/player.html?token=09a0556a1e9020e9cd2bb38efbdb8010&source=embed&photo_id=16462750"
1501383051316	Marionette	DEBUG	Received DOM event "pageshow" for "https://bandcamp.23video.com/9891472.ihtml/player.html?token=09a0556a1e9020e9cd2bb38efbdb8010&source=embed&photo_id=16462750"
1501383051318	Marionette	DEBUG	Received DOM event "pageshow" for "https://bandcamp.com/videoframe?video_id=27619,22113&band_id=2447909961&from=a"
1501383051333	Marionette	DEBUG	Received DOM event "pageshow" for "https://lvlup.bandcamp.com/album/return-to-love"
1501383051709	Marionette	DEBUG	Canceled page load listener because no navigation has been detected
*************************
A coding exception was thrown and uncaught in a Task.

Full message: TypeError: NetworkError when attempting to fetch resource.
Full stack: 
*************************
1501384736147	geckodriver	INFO	geckodriver 0.18.0
1501384736152	geckodriver	INFO	Listening on 127.0.0.1:55483
1501384737199	geckodriver::marionette	INFO	Starting browser /Applications/Firefox.app/Contents/MacOS/firefox-bin with args ["-marionette"]
1501384738900	Marionette	INFO	Listening on port 55496
1501384738989	Marionette	WARN	TLS certificate errors will be ignored for this session
1501384739178	Marionette	DEBUG	loaded listener.js
1501384739217	Marionette	DEBUG	Received DOM event "beforeunload" for "about:blank"
2017-07-29 20:18:59.400 plugin-container[84527:8949787] *** CFMessagePort: bootstrap_register(): failed 1100 (0x44c) 'Permission denied', port = 0x913b, name = 'com.apple.tsm.portname'
See /usr/include/servers/bootstrap_defs.h for the error codes.
2017-07-29 20:18:59.403 plugin-container[84527:8949787] *** CFMessagePort: bootstrap_register(): failed 1100 (0x44c) 'Permission denied', port = 0x9503, name = 'com.apple.CFPasteboardClient'
See /usr/include/servers/bootstrap_defs.h for the error codes.
1501384740045	Marionette	DEBUG	Received DOM event "pagehide" for "about:blank"
1501384740049	Marionette	DEBUG	Received DOM event "unload" for "about:blank"
1501384741290	Marionette	DEBUG	Received DOM event "DOMContentLoaded" for "https://lvlup.bandcamp.com/album/return-to-love"
1501384741925	Marionette	DEBUG	Received DOM event "DOMContentLoaded" for "https://bandcamp.com/videoframe?video_id=27619,22113&band_id=2447909961&from=a"
JavaScript warning: https://bandcamp.23video.com/9891472.ihtml/player.js, line 3: unreachable code after return statement
JavaScript warning: https://bandcamp.23video.com/9891472.ihtml/player.js, line 3: unreachable code after return statement
1501384742133	Marionette	DEBUG	Received DOM event "DOMContentLoaded" for "https://bandcamp.23video.com/9891472.ihtml/player.html?token=09a0556a1e9020e9cd2bb38efbdb8010&source=embed&photo_id=16462750"
1501384742781	Marionette	DEBUG	Received DOM event "pageshow" for "https://bandcamp.23video.com/9891472.ihtml/player.html?token=09a0556a1e9020e9cd2bb38efbdb8010&source=embed&photo_id=16462750"
1501384742783	Marionette	DEBUG	Received DOM event "pageshow" for "https://bandcamp.com/videoframe?video_id=27619,22113&band_id=2447909961&from=a"
1501384742787	Marionette	DEBUG	Received DOM event "pageshow" for "https://lvlup.bandcamp.com/album/return-to-love"
1501384743126	Marionette	DEBUG	Canceled page load listener because no navigation has been detected
*************************
A coding exception was thrown and uncaught in a Task.

Full message: TypeError: NetworkError when attempting to fetch resource.
Full stack: 
*************************
1501385493626	geckodriver	INFO	geckodriver 0.18.0
1501385493630	geckodriver	INFO	Listening on 127.0.0.1:58860
1501385494678	geckodriver::marionette	INFO	Starting browser /Applications/Firefox.app/Contents/MacOS/firefox-bin with args ["-marionette"]
1501385496515	Marionette	INFO	Listening on port 58873
1501385496585	Marionette	WARN	TLS certificate errors will be ignored for this session
1501385496799	Marionette	DEBUG	loaded listener.js
1501385496833	Marionette	DEBUG	Received DOM event "beforeunload" for "about:blank"
2017-07-29 20:31:36.876 plugin-container[84991:8957571] *** CFMessagePort: bootstrap_register(): failed 1100 (0x44c) 'Permission denied', port = 0x913b, name = 'com.apple.tsm.portname'
See /usr/include/servers/bootstrap_defs.h for the error codes.
2017-07-29 20:31:36.876 plugin-container[84991:8957571] *** CFMessagePort: bootstrap_register(): failed 1100 (0x44c) 'Permission denied', port = 0x9403, name = 'com.apple.CFPasteboardClient'
See /usr/include/servers/bootstrap_defs.h for the error codes.
1501385497258	Marionette	DEBUG	Received DOM event "pagehide" for "about:blank"
1501385497258	Marionette	DEBUG	Received DOM event "unload" for "about:blank"
1501385498608	Marionette	DEBUG	Received DOM event "DOMContentLoaded" for "https://lvlup.bandcamp.com/album/return-to-love"
1501385498882	Marionette	DEBUG	Received DOM event "DOMContentLoaded" for "https://bandcamp.com/videoframe?video_id=27619,22113&band_id=2447909961&from=a"
JavaScript warning: https://bandcamp.23video.com/9891472.ihtml/player.js, line 3: unreachable code after return statement
JavaScript warning: https://bandcamp.23video.com/9891472.ihtml/player.js, line 3: unreachable code after return statement
1501385499443	Marionette	DEBUG	Received DOM event "DOMContentLoaded" for "https://bandcamp.23video.com/9891472.ihtml/player.html?token=09a0556a1e9020e9cd2bb38efbdb8010&source=embed&photo_id=16462750"
1501385500056	Marionette	DEBUG	Received DOM event "pageshow" for "https://bandcamp.23video.com/9891472.ihtml/player.html?token=09a0556a1e9020e9cd2bb38efbdb8010&source=embed&photo_id=16462750"
1501385500058	Marionette	DEBUG	Received DOM event "pageshow" for "https://bandcamp.com/videoframe?video_id=27619,22113&band_id=2447909961&from=a"
1501385500061	Marionette	DEBUG	Received DOM event "pageshow" for "https://lvlup.bandcamp.com/album/return-to-love"
1501385500402	Marionette	DEBUG	Canceled page load listener because no navigation has been detected
1501385793243	geckodriver	INFO	geckodriver 0.18.0
1501385793249	geckodriver	INFO	Listening on 127.0.0.1:60251
1501385794581	geckodriver::marionette	INFO	Starting browser /Applications/Firefox.app/Contents/MacOS/firefox-bin with args ["-marionette"]
1501385798318	Marionette	INFO	Listening on port 60268
1501385798385	Marionette	WARN	TLS certificate errors will be ignored for this session
1501385798600	Marionette	DEBUG	loaded listener.js
1501385798638	Marionette	DEBUG	Received DOM event "beforeunload" for "about:blank"
2017-07-29 20:36:38.687 plugin-container[85180:8960827] *** CFMessagePort: bootstrap_register(): failed 1100 (0x44c) 'Permission denied', port = 0x913b, name = 'com.apple.tsm.portname'
See /usr/include/servers/bootstrap_defs.h for the error codes.
2017-07-29 20:36:38.688 plugin-container[85180:8960827] *** CFMessagePort: bootstrap_register(): failed 1100 (0x44c) 'Permission denied', port = 0x9403, name = 'com.apple.CFPasteboardClient'
See /usr/include/servers/bootstrap_defs.h for the error codes.
1501385799463	Marionette	INFO	Ceased listening
1501385799564	Marionette	DEBUG	Received DOM event "pagehide" for "about:blank"
1501385799565	Marionette	DEBUG	Received DOM event "unload" for "about:blank"
1501385800761	Marionette	DEBUG	Received DOM event "DOMContentLoaded" for "https://forthwanderers.bandcamp.com/"
1501385801056	Marionette	DEBUG	Received DOM event "DOMContentLoaded" for "https://bandcamp.com/videoframe?video_id=30475&show_poster=1&band_id=3441710586&from=a"
JavaScript warning: https://bandcamp.23video.com/9891472.ihtml/player.js, line 3: unreachable code after return statement
1501385801179	Marionette	INFO	Ceased listening
JavaScript warning: https://bandcamp.23video.com/9891472.ihtml/player.js, line 3: unreachable code after return statement
1501385801402	Marionette	DEBUG	Received DOM event "DOMContentLoaded" for "https://bandcamp.23video.com/9891472.ihtml/player.html?token=24f69749e4b63075105809057ccddf2f&source=embed&photo_id=17808625"
1501385801539	Marionette	DEBUG	Received DOM event "pageshow" for "https://forthwanderers.bandcamp.com/"
1501385801791	Marionette	DEBUG	Received DOM event "DOMContentLoaded" for "https://staticxx.facebook.com/connect/xd_arbiter/r/XBwzv5Yrm_1.js?version=42#channel=febcf42b5b2cfa&origin=https%3A%2F%2Fforthwanderers.bandcamp.com"
1501385801792	Marionette	DEBUG	Received DOM event "pageshow" for "https://staticxx.facebook.com/connect/xd_arbiter/r/XBwzv5Yrm_1.js?version=42#channel=febcf42b5b2cfa&origin=https%3A%2F%2Fforthwanderers.bandcamp.com"
1501385802018	Marionette	DEBUG	Received DOM event "pageshow" for "https://bandcamp.23video.com/9891472.ihtml/player.html?token=24f69749e4b63075105809057ccddf2f&source=embed&photo_id=17808625"
1501385802019	Marionette	DEBUG	Received DOM event "pageshow" for "https://bandcamp.com/videoframe?video_id=30475&show_poster=1&band_id=3441710586&from=a"
1501385802026	Marionette	DEBUG	Received DOM event "pageshow" for "https://forthwanderers.bandcamp.com/"
1501385804183	Marionette	INFO	Ceased listening
1501385805692	Marionette	INFO	Ceased listening
1501385830839	geckodriver	INFO	geckodriver 0.18.0
1501385830843	geckodriver	INFO	Listening on 127.0.0.1:60528
1501385831907	geckodriver::marionette	INFO	Starting browser /Applications/Firefox.app/Contents/MacOS/firefox-bin with args ["-marionette"]
1501385833846	Marionette	INFO	Listening on port 60541
1501385833955	Marionette	WARN	TLS certificate errors will be ignored for this session
1501385834272	Marionette	DEBUG	loaded listener.js
1501385834306	Marionette	DEBUG	Received DOM event "beforeunload" for "about:blank"
1501385834314	Marionette	INFO	Ceased listening
2017-07-29 20:37:14.372 plugin-container[85206:8962028] *** CFMessagePort: bootstrap_register(): failed 1100 (0x44c) 'Permission denied', port = 0x913b, name = 'com.apple.tsm.portname'
See /usr/include/servers/bootstrap_defs.h for the error codes.
2017-07-29 20:37:14.373 plugin-container[85206:8962028] *** CFMessagePort: bootstrap_register(): failed 1100 (0x44c) 'Permission denied', port = 0x9503, name = 'com.apple.CFPasteboardClient'
See /usr/include/servers/bootstrap_defs.h for the error codes.
1501385834715	Marionette	DEBUG	Received DOM event "pagehide" for "about:blank"
1501385834715	Marionette	DEBUG	Received DOM event "unload" for "about:blank"
1501385835793	Marionette	DEBUG	Received DOM event "DOMContentLoaded" for "https://forthwanderers.bandcamp.com/"
1501385836003	Marionette	DEBUG	Received DOM event "DOMContentLoaded" for "https://bandcamp.com/videoframe?video_id=30475&show_poster=1&band_id=3441710586&from=a"
JavaScript warning: https://bandcamp.23video.com/9891472.ihtml/player.js, line 3: unreachable code after return statement
JavaScript warning: https://bandcamp.23video.com/9891472.ihtml/player.js, line 3: unreachable code after return statement
1501385836271	Marionette	DEBUG	Received DOM event "DOMContentLoaded" for "https://bandcamp.23video.com/9891472.ihtml/player.html?token=24f69749e4b63075105809057ccddf2f&source=embed&photo_id=17808625"
1501385836506	Marionette	DEBUG	Received DOM event "pageshow" for "https://forthwanderers.bandcamp.com/"
1501385836605	Marionette	DEBUG	Received DOM event "DOMContentLoaded" for "https://staticxx.facebook.com/connect/xd_arbiter/r/XBwzv5Yrm_1.js?version=42#channel=f35d32e8efd5388&origin=https%3A%2F%2Fforthwanderers.bandcamp.com"
1501385836606	Marionette	DEBUG	Received DOM event "pageshow" for "https://staticxx.facebook.com/connect/xd_arbiter/r/XBwzv5Yrm_1.js?version=42#channel=f35d32e8efd5388&origin=https%3A%2F%2Fforthwanderers.bandcamp.com"
1501385836972	Marionette	DEBUG	Received DOM event "pageshow" for "https://bandcamp.23video.com/9891472.ihtml/player.html?token=24f69749e4b63075105809057ccddf2f&source=embed&photo_id=17808625"
1501385836974	Marionette	DEBUG	Received DOM event "pageshow" for "https://bandcamp.com/videoframe?video_id=30475&show_poster=1&band_id=3441710586&from=a"
1501385836983	Marionette	DEBUG	Received DOM event "pageshow" for "https://forthwanderers.bandcamp.com/"
1501385837482	Marionette	DEBUG	Canceled page load listener because no navigation has been detected
1501386158588	geckodriver	INFO	geckodriver 0.18.0
1501386158595	geckodriver	INFO	Listening on 127.0.0.1:62053
1501386159661	geckodriver::marionette	INFO	Starting browser /Applications/Firefox.app/Contents/MacOS/firefox-bin with args ["-marionette"]
1501386161971	Marionette	INFO	Listening on port 62066
1501386162101	Marionette	WARN	TLS certificate errors will be ignored for this session
1501386162488	Marionette	DEBUG	loaded listener.js
1501386162552	Marionette	DEBUG	Received DOM event "beforeunload" for "about:blank"
2017-07-29 20:42:42.601 plugin-container[85411:8966183] *** CFMessagePort: bootstrap_register(): failed 1100 (0x44c) 'Permission denied', port = 0x913b, name = 'com.apple.tsm.portname'
See /usr/include/servers/bootstrap_defs.h for the error codes.
2017-07-29 20:42:42.602 plugin-container[85411:8966183] *** CFMessagePort: bootstrap_register(): failed 1100 (0x44c) 'Permission denied', port = 0x9403, name = 'com.apple.CFPasteboardClient'
See /usr/include/servers/bootstrap_defs.h for the error codes.
1501386162890	Marionette	DEBUG	Received DOM event "pagehide" for "about:blank"
1501386162890	Marionette	DEBUG	Received DOM event "unload" for "about:blank"
1501386163715	Marionette	DEBUG	Received DOM event "DOMContentLoaded" for "https://bigthief.bandcamp.com/album/mythological-beauty"
1501386163965	Marionette	DEBUG	Received DOM event "pageshow" for "https://bigthief.bandcamp.com/album/mythological-beauty"
1501386164037	Marionette	DEBUG	Received DOM event "DOMContentLoaded" for "https://staticxx.facebook.com/connect/xd_arbiter/r/XBwzv5Yrm_1.js?version=42#channel=f1acfe51ac930d6&origin=https%3A%2F%2Fbigthief.bandcamp.com"
1501386164042	Marionette	DEBUG	Received DOM event "pageshow" for "https://staticxx.facebook.com/connect/xd_arbiter/r/XBwzv5Yrm_1.js?version=42#channel=f1acfe51ac930d6&origin=https%3A%2F%2Fbigthief.bandcamp.com"
1501386164162	Marionette	DEBUG	Received DOM event "pageshow" for "https://bigthief.bandcamp.com/album/mythological-beauty"
1501386164319	Marionette	DEBUG	Received DOM event "pagehide" for "https://staticxx.facebook.com/connect/xd_arbiter/r/XBwzv5Yrm_1.js?version=42#cb=f3412f3a62eb6a&domain=bigthief.bandcamp.com&origin=https%3A%2F%2Fbigthief.bandcamp.com%2Ff1acfe51ac930d6&relation=parent&error=unknown_user"
1501386164337	Marionette	DEBUG	Received observer notification "outer-window-destroyed" for "2147483656"
1501386164523	Marionette	DEBUG	Canceled page load listener because no navigation has been detected
[GFX1-]: Receive IPC close with reason=AbnormalShutdown
1501386494752	geckodriver	INFO	geckodriver 0.18.0
1501386494759	geckodriver	INFO	Listening on 127.0.0.1:64375
1501386495793	geckodriver::marionette	INFO	Starting browser /Applications/Firefox.app/Contents/MacOS/firefox-bin with args ["-marionette"]
1501386497459	Marionette	INFO	Listening on port 64388
1501386497570	Marionette	WARN	TLS certificate errors will be ignored for this session
1501386497735	Marionette	DEBUG	loaded listener.js
1501386497765	Marionette	DEBUG	Received DOM event "beforeunload" for "about:blank"
2017-07-29 20:48:17.807 plugin-container[85628:8972658] *** CFMessagePort: bootstrap_register(): failed 1100 (0x44c) 'Permission denied', port = 0x9137, name = 'com.apple.tsm.portname'
See /usr/include/servers/bootstrap_defs.h for the error codes.
2017-07-29 20:48:17.808 plugin-container[85628:8972658] *** CFMessagePort: bootstrap_register(): failed 1100 (0x44c) 'Permission denied', port = 0x9403, name = 'com.apple.CFPasteboardClient'
See /usr/include/servers/bootstrap_defs.h for the error codes.
1501386498134	Marionette	DEBUG	Received DOM event "pagehide" for "about:blank"
1501386498135	Marionette	DEBUG	Received DOM event "unload" for "about:blank"
1501386498883	Marionette	DEBUG	Received DOM event "DOMContentLoaded" for "https://bigthief.bandcamp.com/album/mythological-beauty"
1501386499088	Marionette	DEBUG	Received DOM event "pageshow" for "https://bigthief.bandcamp.com/album/mythological-beauty"
1501386499166	Marionette	DEBUG	Received DOM event "DOMContentLoaded" for "https://staticxx.facebook.com/connect/xd_arbiter/r/XBwzv5Yrm_1.js?version=42#channel=f2c1eef29c59534&origin=https%3A%2F%2Fbigthief.bandcamp.com"
1501386499167	Marionette	DEBUG	Received DOM event "pageshow" for "https://staticxx.facebook.com/connect/xd_arbiter/r/XBwzv5Yrm_1.js?version=42#channel=f2c1eef29c59534&origin=https%3A%2F%2Fbigthief.bandcamp.com"
1501386499262	Marionette	DEBUG	Received DOM event "pageshow" for "https://bigthief.bandcamp.com/album/mythological-beauty"
1501386499415	Marionette	DEBUG	Received DOM event "pagehide" for "https://staticxx.facebook.com/connect/xd_arbiter/r/XBwzv5Yrm_1.js?version=42#cb=f307b01e50b0598&domain=bigthief.bandcamp.com&origin=https%3A%2F%2Fbigthief.bandcamp.com%2Ff2c1eef29c59534&relation=parent&error=unknown_user"
1501386499432	Marionette	DEBUG	Received observer notification "outer-window-destroyed" for "2147483656"
1501386499614	Marionette	DEBUG	Canceled page load listener because no navigation has been detected
1501386580598	geckodriver	INFO	geckodriver 0.18.0
1501386580604	geckodriver	INFO	Listening on 127.0.0.1:65150
1501386581717	geckodriver::marionette	INFO	Starting browser /Applications/Firefox.app/Contents/MacOS/firefox-bin with args ["-marionette"]
1501386583463	Marionette	INFO	Listening on port 65163
1501386583520	Marionette	WARN	TLS certificate errors will be ignored for this session
1501386583745	Marionette	DEBUG	loaded listener.js
1501386583774	Marionette	DEBUG	Received DOM event "beforeunload" for "about:blank"
2017-07-29 20:49:43.828 plugin-container[85683:8974099] *** CFMessagePort: bootstrap_register(): failed 1100 (0x44c) 'Permission denied', port = 0x913b, name = 'com.apple.tsm.portname'
See /usr/include/servers/bootstrap_defs.h for the error codes.
2017-07-29 20:49:43.829 plugin-container[85683:8974099] *** CFMessagePort: bootstrap_register(): failed 1100 (0x44c) 'Permission denied', port = 0x9403, name = 'com.apple.CFPasteboardClient'
See /usr/include/servers/bootstrap_defs.h for the error codes.
1501386584151	Marionette	DEBUG	Received DOM event "pagehide" for "about:blank"
1501386584151	Marionette	DEBUG	Received DOM event "unload" for "about:blank"
1501386585162	Marionette	DEBUG	Received DOM event "DOMContentLoaded" for "https://middlekids.bandcamp.com/album/middle-kids"
1501386585410	Marionette	DEBUG	Received DOM event "pageshow" for "https://middlekids.bandcamp.com/album/middle-kids"
1501386585498	Marionette	DEBUG	Received DOM event "DOMContentLoaded" for "https://staticxx.facebook.com/connect/xd_arbiter/r/XBwzv5Yrm_1.js?version=42#channel=f2b1141157f904e&origin=https%3A%2F%2Fmiddlekids.bandcamp.com"
1501386585499	Marionette	DEBUG	Received DOM event "pageshow" for "https://staticxx.facebook.com/connect/xd_arbiter/r/XBwzv5Yrm_1.js?version=42#channel=f2b1141157f904e&origin=https%3A%2F%2Fmiddlekids.bandcamp.com"
1501386585514	Marionette	DEBUG	Received DOM event "pageshow" for "https://middlekids.bandcamp.com/album/middle-kids"
*************************
A coding exception was thrown and uncaught in a Task.

Full message: TypeError: NetworkError when attempting to fetch resource.
Full stack: 
*************************
1501435718452	geckodriver	INFO	geckodriver 0.18.0
1501435718469	geckodriver	INFO	Listening on 127.0.0.1:60332
1501435718504	geckodriver::marionette	INFO	Starting browser /Applications/Firefox.app/Contents/MacOS/firefox-bin with args ["-marionette"]
1501435720021	Marionette	INFO	Listening on port 60339
1501435720091	Marionette	WARN	TLS certificate errors will be ignored for this session
1501435720257	Marionette	DEBUG	loaded listener.js
2017-07-30 10:28:40.382 plugin-container[2014:98470] *** CFMessagePort: bootstrap_register(): failed 1100 (0x44c) 'Permission denied', port = 0x913b, name = 'com.apple.tsm.portname'
See /usr/include/servers/bootstrap_defs.h for the error codes.
2017-07-30 10:28:40.385 plugin-container[2014:98470] *** CFMessagePort: bootstrap_register(): failed 1100 (0x44c) 'Permission denied', port = 0x9403, name = 'com.apple.CFPasteboardClient'
See /usr/include/servers/bootstrap_defs.h for the error codes.
1501435723003	Marionette	DEBUG	Received DOM event "beforeunload" for "about:blank"
1501435723448	Marionette	DEBUG	Received DOM event "pagehide" for "about:blank"
1501435723448	Marionette	DEBUG	Received DOM event "unload" for "about:blank"
1501435724603	Marionette	DEBUG	Received DOM event "DOMContentLoaded" for "https://knxwledge.bandcamp.com/album/wt-prt-11"
1501435724841	Marionette	DEBUG	Received DOM event "pageshow" for "https://knxwledge.bandcamp.com/album/wt-prt-11"
1501435724942	Marionette	DEBUG	Received DOM event "DOMContentLoaded" for "https://staticxx.facebook.com/connect/xd_arbiter/r/XBwzv5Yrm_1.js?version=42#channel=f2f08d658ec9094&origin=https%3A%2F%2Fknxwledge.bandcamp.com"
1501435724943	Marionette	DEBUG	Received DOM event "pageshow" for "https://staticxx.facebook.com/connect/xd_arbiter/r/XBwzv5Yrm_1.js?version=42#channel=f2f08d658ec9094&origin=https%3A%2F%2Fknxwledge.bandcamp.com"
1501435724998	Marionette	DEBUG	Received DOM event "pageshow" for "https://knxwledge.bandcamp.com/album/wt-prt-11"
1501436099985	Marionette	DEBUG	Received DOM event "beforeunload" for "https://knxwledge.bandcamp.com/album/wt-prt-11"
1501436100373	Marionette	DEBUG	Received DOM event "pagehide" for "https://knxwledge.bandcamp.com/album/wt-prt-11"
1501436100376	Marionette	DEBUG	Received DOM event "unload" for "https://knxwledge.bandcamp.com/album/wt-prt-11"
1501436100623	Marionette	DEBUG	Received observer notification "outer-window-destroyed" for "2147483653"
1501436101488	Marionette	DEBUG	Received DOM event "DOMContentLoaded" for "https://knxwledge.bandcamp.com/music"
1501436101781	Marionette	DEBUG	Received DOM event "pageshow" for "https://knxwledge.bandcamp.com/music"
1501436249376	Marionette	DEBUG	Received DOM event "beforeunload" for "https://knxwledge.bandcamp.com/music"
1501436249704	Marionette	DEBUG	Received DOM event "pagehide" for "https://knxwledge.bandcamp.com/music"
1501436249707	Marionette	DEBUG	Received DOM event "unload" for "https://knxwledge.bandcamp.com/music"
1501436250486	Marionette	DEBUG	Received DOM event "DOMContentLoaded" for "https://knxwledge.bandcamp.com/album/wt-prt-11"
1501436250770	Marionette	DEBUG	Received DOM event "pageshow" for "https://knxwledge.bandcamp.com/album/wt-prt-11"
1501436250867	Marionette	DEBUG	Received DOM event "DOMContentLoaded" for "https://staticxx.facebook.com/connect/xd_arbiter/r/XBwzv5Yrm_1.js?version=42#channel=f39e834b9c5805a&origin=https%3A%2F%2Fknxwledge.bandcamp.com"
1501436250869	Marionette	DEBUG	Received DOM event "pageshow" for "https://staticxx.facebook.com/connect/xd_arbiter/r/XBwzv5Yrm_1.js?version=42#channel=f39e834b9c5805a&origin=https%3A%2F%2Fknxwledge.bandcamp.com"
1501436250884	Marionette	DEBUG	Received DOM event "pageshow" for "https://knxwledge.bandcamp.com/album/wt-prt-11"
1501436262039	Marionette	DEBUG	Received DOM event "beforeunload" for "https://knxwledge.bandcamp.com/album/wt-prt-11"
1501436262328	Marionette	DEBUG	Received DOM event "pagehide" for "https://knxwledge.bandcamp.com/album/wt-prt-11"
1501436262332	Marionette	DEBUG	Received DOM event "unload" for "https://knxwledge.bandcamp.com/album/wt-prt-11"
1501436262509	Marionette	DEBUG	Received observer notification "outer-window-destroyed" for "2147483661"
1501436262709	Marionette	DEBUG	Received DOM event "DOMContentLoaded" for "https://knxwledge.bandcamp.com/music"
1501436262927	Marionette	DEBUG	Received DOM event "pageshow" for "https://knxwledge.bandcamp.com/music"
*************************
A coding exception was thrown and uncaught in a Task.

Full message: TypeError: NetworkError when attempting to fetch resource.
Full stack: 
*************************
1501438404725	Marionette	INFO	Ceased listening
1501439703766	geckodriver	INFO	geckodriver 0.18.0
1501439703771	geckodriver	INFO	Listening on 127.0.0.1:62357
1501439704813	geckodriver::marionette	INFO	Starting browser /Applications/Firefox.app/Contents/MacOS/firefox-bin with args ["-marionette"]
1501439706715	Marionette	INFO	Listening on port 62370
1501439706805	Marionette	WARN	TLS certificate errors will be ignored for this session
1501439707039	Marionette	DEBUG	loaded listener.js
2017-07-30 11:35:07.134 plugin-container[2683:146028] *** CFMessagePort: bootstrap_register(): failed 1100 (0x44c) 'Permission denied', port = 0x913b, name = 'com.apple.tsm.portname'
See /usr/include/servers/bootstrap_defs.h for the error codes.
2017-07-30 11:35:07.135 plugin-container[2683:146028] *** CFMessagePort: bootstrap_register(): failed 1100 (0x44c) 'Permission denied', port = 0x9403, name = 'com.apple.CFPasteboardClient'
See /usr/include/servers/bootstrap_defs.h for the error codes.
1501439715884	Marionette	DEBUG	Received DOM event "beforeunload" for "about:blank"
1501439716147	Marionette	DEBUG	Received DOM event "pagehide" for "about:blank"
1501439716147	Marionette	DEBUG	Received DOM event "unload" for "about:blank"
1501439717018	Marionette	DEBUG	Received DOM event "DOMContentLoaded" for "https://songs-of-arrakis.bandcamp.com/music"
1501439717512	Marionette	DEBUG	Received DOM event "pageshow" for "https://songs-of-arrakis.bandcamp.com/music"
1501440088524	Marionette	DEBUG	Received DOM event "beforeunload" for "https://songs-of-arrakis.bandcamp.com/music"
1501440089215	Marionette	DEBUG	Received DOM event "pagehide" for "https://songs-of-arrakis.bandcamp.com/music"
1501440089219	Marionette	DEBUG	Received DOM event "unload" for "https://songs-of-arrakis.bandcamp.com/music"
1501440089681	Marionette	DEBUG	Received DOM event "DOMContentLoaded" for "https://knxwledge.bandcamp.com/music"
1501440089976	Marionette	DEBUG	Received DOM event "pageshow" for "https://knxwledge.bandcamp.com/music"
[GFX1-]: Failed to create a SkiaGL DrawTarget, falling back to software

[GFX1-]: Failed to create a SkiaGL DrawTarget, falling back to software

*************************
A coding exception was thrown and uncaught in a Task.

Full message: TypeError: NetworkError when attempting to fetch resource.
Full stack: 
*************************
[GFX1-]: Failed to create a SkiaGL DrawTarget, falling back to software

[GFX1-]: Failed to create a SkiaGL DrawTarget, falling back to software

[GFX1-]: Failed to create a SkiaGL DrawTarget, falling back to software

[GFX1-]: Failed to create a SkiaGL DrawTarget, falling back to software

[GFX1-]: Failed to create a SkiaGL DrawTarget, falling back to software

[GFX1-]: Failed to create a SkiaGL DrawTarget, falling back to software

[GFX1-]: Failed to create a SkiaGL DrawTarget, falling back to software

[GFX1-]: Failed to create a SkiaGL DrawTarget, falling back to software

[GFX1-]: Failed to create a SkiaGL DrawTarget, falling back to software

[GFX1-]: Failed to create a SkiaGL DrawTarget, falling back to software

[GFX1-]: Failed to create a SkiaGL DrawTarget, falling back to software

[GFX1-]: Failed to create a SkiaGL DrawTarget, falling back to software

1501442168480	Marionette	DEBUG	Received DOM event "beforeunload" for "https://knxwledge.bandcamp.com/music"
1501442168827	Marionette	DEBUG	Received DOM event "pagehide" for "https://knxwledge.bandcamp.com/music"
1501442168830	Marionette	DEBUG	Received DOM event "unload" for "https://knxwledge.bandcamp.com/music"
1501442169412	Marionette	DEBUG	Received DOM event "DOMContentLoaded" for "https://clevergirlsmusic.bandcamp.com/releases"
1501442169694	Marionette	DEBUG	Received DOM event "pageshow" for "https://clevergirlsmusic.bandcamp.com/releases"
1501442169797	Marionette	DEBUG	Received DOM event "DOMContentLoaded" for "https://staticxx.facebook.com/connect/xd_arbiter/r/XBwzv5Yrm_1.js?version=42#channel=f32a0bfe51039f6&origin=https%3A%2F%2Fclevergirlsmusic.bandcamp.com"
1501442169799	Marionette	DEBUG	Received DOM event "pageshow" for "https://staticxx.facebook.com/connect/xd_arbiter/r/XBwzv5Yrm_1.js?version=42#channel=f32a0bfe51039f6&origin=https%3A%2F%2Fclevergirlsmusic.bandcamp.com"
1501442169804	Marionette	DEBUG	Received DOM event "pageshow" for "https://clevergirlsmusic.bandcamp.com/releases"
1501442395125	Marionette	DEBUG	Received DOM event "beforeunload" for "https://clevergirlsmusic.bandcamp.com/releases"
1501442395376	Marionette	DEBUG	Received DOM event "pagehide" for "https://clevergirlsmusic.bandcamp.com/releases"
1501442395379	Marionette	DEBUG	Received DOM event "unload" for "https://clevergirlsmusic.bandcamp.com/releases"
1501442395525	Marionette	DEBUG	Received observer notification "outer-window-destroyed" for "2147483655"
1501442395823	Marionette	DEBUG	Received DOM event "DOMContentLoaded" for "https://bigthief.bandcamp.com/"
1501442395942	Marionette	DEBUG	Received DOM event "pageshow" for "https://bigthief.bandcamp.com/"
1501442413809	Marionette	DEBUG	Received DOM event "beforeunload" for "https://bigthief.bandcamp.com/"
1501442413894	Marionette	DEBUG	Received DOM event "pagehide" for "https://bigthief.bandcamp.com/"
1501442413898	Marionette	DEBUG	Received DOM event "unload" for "https://bigthief.bandcamp.com/"
1501442413932	Marionette	DEBUG	Received DOM event "DOMContentLoaded" for "https://bigthief.bandcamp.com/albums/masterpiece"
1501442414055	Marionette	DEBUG	Received DOM event "pageshow" for "https://bigthief.bandcamp.com/albums/masterpiece"
1501442439234	Marionette	DEBUG	Received DOM event "beforeunload" for "https://bigthief.bandcamp.com/albums/masterpiece"
1501442439589	Marionette	DEBUG	Received DOM event "pagehide" for "https://bigthief.bandcamp.com/albums/masterpiece"
1501442439589	Marionette	DEBUG	Received DOM event "unload" for "https://bigthief.bandcamp.com/albums/masterpiece"
1501442440888	Marionette	DEBUG	Received DOM event "DOMContentLoaded" for "https://bigthief.bandcamp.com/album/masterpiece/"
1501442441031	Marionette	DEBUG	Received DOM event "pageshow" for "https://bigthief.bandcamp.com/album/masterpiece/"
1501442441083	Marionette	DEBUG	Received DOM event "DOMContentLoaded" for "https://staticxx.facebook.com/connect/xd_arbiter/r/XBwzv5Yrm_1.js?version=42#channel=f1e6ddd4af5d9a4&origin=https%3A%2F%2Fbigthief.bandcamp.com"
1501442441087	Marionette	DEBUG	Received DOM event "pageshow" for "https://staticxx.facebook.com/connect/xd_arbiter/r/XBwzv5Yrm_1.js?version=42#channel=f1e6ddd4af5d9a4&origin=https%3A%2F%2Fbigthief.bandcamp.com"
1501442441126	Marionette	DEBUG	Received DOM event "pageshow" for "https://bigthief.bandcamp.com/album/masterpiece/"
1501442760304	Marionette	DEBUG	Received DOM event "beforeunload" for "https://bigthief.bandcamp.com/album/masterpiece/"
1501442760677	Marionette	DEBUG	Received DOM event "pagehide" for "https://bigthief.bandcamp.com/album/masterpiece/"
1501442760681	Marionette	DEBUG	Received DOM event "unload" for "https://bigthief.bandcamp.com/album/masterpiece/"
1501442760802	Marionette	DEBUG	Received observer notification "outer-window-destroyed" for "2147483664"
1501442761083	Marionette	DEBUG	Received DOM event "DOMContentLoaded" for "https://bigthief.bandcamp.com/music/"
1501442761191	Marionette	DEBUG	Received DOM event "pageshow" for "https://bigthief.bandcamp.com/music/"
1501443739192	Marionette	INFO	Ceased listening
1501446213231	geckodriver	INFO	geckodriver 0.18.0
1501446213236	geckodriver	INFO	Listening on 127.0.0.1:63073
1501446213300	geckodriver::marionette	INFO	Starting browser /Applications/Firefox.app/Contents/MacOS/firefox-bin with args ["-marionette"]
1501446214970	Marionette	INFO	Listening on port 63080
1501446215075	Marionette	WARN	TLS certificate errors will be ignored for this session
1501446215216	Marionette	DEBUG	loaded listener.js
1501446215243	Marionette	DEBUG	Received DOM event "beforeunload" for "about:blank"
2017-07-30 13:23:35.281 plugin-container[4102:270608] *** CFMessagePort: bootstrap_register(): failed 1100 (0x44c) 'Permission denied', port = 0x913b, name = 'com.apple.tsm.portname'
See /usr/include/servers/bootstrap_defs.h for the error codes.
2017-07-30 13:23:35.282 plugin-container[4102:270608] *** CFMessagePort: bootstrap_register(): failed 1100 (0x44c) 'Permission denied', port = 0x9403, name = 'com.apple.CFPasteboardClient'
See /usr/include/servers/bootstrap_defs.h for the error codes.
1501446215682	Marionette	DEBUG	Received DOM event "pagehide" for "about:blank"
1501446215683	Marionette	DEBUG	Received DOM event "unload" for "about:blank"
1501446216381	Marionette	DEBUG	Received DOM event "DOMContentLoaded" for "https://cryochamber.bandcamp.com/album/deus-sive-natura"
1501446216750	Marionette	DEBUG	Received DOM event "DOMContentLoaded" for "https://bandcamp.com/videoframe?video_id=28512&show_poster=1&band_id=1969444599&from=a"
JavaScript warning: https://bandcamp.23video.com/9891472.ihtml/player.js, line 3: unreachable code after return statement
JavaScript warning: https://bandcamp.23video.com/9891472.ihtml/player.js, line 3: unreachable code after return statement
1501446216990	Marionette	DEBUG	Received DOM event "DOMContentLoaded" for "https://bandcamp.23video.com/9891472.ihtml/player.html?token=02b76ee7ff9adab7aa69d8a9fdf64cd8&source=embed&photo_id=16733126"
1501446217065	Marionette	DEBUG	Received DOM event "pageshow" for "https://cryochamber.bandcamp.com/album/deus-sive-natura"
1501446217256	Marionette	DEBUG	Received DOM event "DOMContentLoaded" for "https://staticxx.facebook.com/connect/xd_arbiter/r/XBwzv5Yrm_1.js?version=42#channel=f1c1dbec283afba&origin=https%3A%2F%2Fcryochamber.bandcamp.com"
1501446217258	Marionette	DEBUG	Received DOM event "pageshow" for "https://staticxx.facebook.com/connect/xd_arbiter/r/XBwzv5Yrm_1.js?version=42#channel=f1c1dbec283afba&origin=https%3A%2F%2Fcryochamber.bandcamp.com"
1501446218036	Marionette	DEBUG	Received DOM event "pageshow" for "https://bandcamp.23video.com/9891472.ihtml/player.html?token=02b76ee7ff9adab7aa69d8a9fdf64cd8&source=embed&photo_id=16733126"
1501446218037	Marionette	DEBUG	Received DOM event "pageshow" for "https://bandcamp.com/videoframe?video_id=28512&show_poster=1&band_id=1969444599&from=a"
1501446218043	Marionette	DEBUG	Received DOM event "pageshow" for "https://cryochamber.bandcamp.com/album/deus-sive-natura"
1501446218236	Marionette	DEBUG	Received DOM event "beforeunload" for "https://cryochamber.bandcamp.com/album/deus-sive-natura"
1501446219449	Marionette	DEBUG	Received DOM event "pagehide" for "https://cryochamber.bandcamp.com/album/deus-sive-natura"
1501446219452	Marionette	DEBUG	Received DOM event "unload" for "https://cryochamber.bandcamp.com/album/deus-sive-natura"
1501446219721	Marionette	DEBUG	Received observer notification "outer-window-destroyed" for "2147483657"
1501446219723	Marionette	DEBUG	Received observer notification "outer-window-destroyed" for "2147483655"
1501446219724	Marionette	DEBUG	Received observer notification "outer-window-destroyed" for "2147483653"
1501446219929	Marionette	DEBUG	Received DOM event "DOMContentLoaded" for "https://cryochamber.bandcamp.com/music"
1501446220151	Marionette	DEBUG	Received DOM event "pageshow" for "https://cryochamber.bandcamp.com/music"
1501451526786	geckodriver	INFO	geckodriver 0.18.0
1501451526793	geckodriver	INFO	Listening on 127.0.0.1:52727
1501451527829	geckodriver::marionette	INFO	Starting browser /Applications/Firefox.app/Contents/MacOS/firefox-bin with args ["-marionette"]
1501451529373	Marionette	INFO	Listening on port 52740
1501451529428	Marionette	WARN	TLS certificate errors will be ignored for this session
1501451529611	Marionette	DEBUG	loaded listener.js
1501451529636	Marionette	DEBUG	Received DOM event "beforeunload" for "about:blank"
2017-07-30 14:52:09.681 plugin-container[6089:450891] *** CFMessagePort: bootstrap_register(): failed 1100 (0x44c) 'Permission denied', port = 0x913b, name = 'com.apple.tsm.portname'
See /usr/include/servers/bootstrap_defs.h for the error codes.
2017-07-30 14:52:09.684 plugin-container[6089:450891] *** CFMessagePort: bootstrap_register(): failed 1100 (0x44c) 'Permission denied', port = 0x9403, name = 'com.apple.CFPasteboardClient'
See /usr/include/servers/bootstrap_defs.h for the error codes.
1501451530099	Marionette	DEBUG	Received DOM event "pagehide" for "about:blank"
1501451530099	Marionette	DEBUG	Received DOM event "unload" for "about:blank"
1501451530883	Marionette	DEBUG	Received DOM event "DOMContentLoaded" for "https://cryochamber.bandcamp.com/album/deus-sive-natura"
1501451531304	Marionette	DEBUG	Received DOM event "DOMContentLoaded" for "https://bandcamp.com/videoframe?video_id=28512&show_poster=1&band_id=1969444599&from=a"
1501451531369	Marionette	DEBUG	Received DOM event "pageshow" for "https://cryochamber.bandcamp.com/album/deus-sive-natura"
JavaScript warning: https://bandcamp.23video.com/9891472.ihtml/player.js, line 3: unreachable code after return statement
JavaScript warning: https://bandcamp.23video.com/9891472.ihtml/player.js, line 3: unreachable code after return statement
1501451531539	Marionette	DEBUG	Received DOM event "DOMContentLoaded" for "https://bandcamp.23video.com/9891472.ihtml/player.html?token=02b76ee7ff9adab7aa69d8a9fdf64cd8&source=embed&photo_id=16733126"
1501451531562	Marionette	DEBUG	Received DOM event "DOMContentLoaded" for "https://staticxx.facebook.com/connect/xd_arbiter/r/XBwzv5Yrm_1.js?version=42#channel=fb4fec5cd6149e&origin=https%3A%2F%2Fcryochamber.bandcamp.com"
1501451531563	Marionette	DEBUG	Received DOM event "pageshow" for "https://staticxx.facebook.com/connect/xd_arbiter/r/XBwzv5Yrm_1.js?version=42#channel=fb4fec5cd6149e&origin=https%3A%2F%2Fcryochamber.bandcamp.com"
1501451532734	Marionette	DEBUG	Received DOM event "pageshow" for "https://bandcamp.23video.com/9891472.ihtml/player.html?token=02b76ee7ff9adab7aa69d8a9fdf64cd8&source=embed&photo_id=16733126"
1501451532736	Marionette	DEBUG	Received DOM event "pageshow" for "https://bandcamp.com/videoframe?video_id=28512&show_poster=1&band_id=1969444599&from=a"
1501451532755	Marionette	DEBUG	Received DOM event "pageshow" for "https://cryochamber.bandcamp.com/album/deus-sive-natura"
1501451533144	Marionette	DEBUG	Received DOM event "beforeunload" for "https://cryochamber.bandcamp.com/album/deus-sive-natura"
1501451534333	Marionette	DEBUG	Received DOM event "pagehide" for "https://cryochamber.bandcamp.com/album/deus-sive-natura"
1501451534336	Marionette	DEBUG	Received DOM event "unload" for "https://cryochamber.bandcamp.com/album/deus-sive-natura"
1501451534569	Marionette	DEBUG	Received observer notification "outer-window-destroyed" for "2147483657"
1501451534574	Marionette	DEBUG	Received observer notification "outer-window-destroyed" for "2147483655"
1501451534580	Marionette	DEBUG	Received observer notification "outer-window-destroyed" for "2147483653"
1501451534795	Marionette	DEBUG	Received DOM event "DOMContentLoaded" for "https://cryochamber.bandcamp.com/music"
1501451535072	Marionette	DEBUG	Received DOM event "pageshow" for "https://cryochamber.bandcamp.com/music"
[GFX1-]: Receive IPC close with reason=AbnormalShutdown
[Child 6089] WARNING: pipe error: Broken pipe: file /builds/slave/m-rel-m64-00000000000000000000/build/src/ipc/chromium/src/chrome/common/ipc_channel_posix.cc, line 702
